# Logfile created on 2014-01-04 23:47:33 -0300 by logger.rb/41954
I, [2014-01-04T23:47:33.370662 #956]  INFO -- : 0:  hashie (2.0.5) from /Users/lucasmedeirosleite/.rvm/gems/ruby-2.0.0-p353/specifications/hashie-2.0.5.gemspec
I, [2014-01-04T23:47:33.371098 #956]  INFO -- : 0:  json (1.7.7) from /Users/lucasmedeirosleite/.rvm/rubies/ruby-2.0.0-p353/lib/ruby/gems/2.0.0/specifications/default/json-1.7.7.gemspec
I, [2014-01-04T23:47:33.371480 #956]  INFO -- : 0:  mixlib-log (1.6.0) from /Users/lucasmedeirosleite/.rvm/gems/ruby-2.0.0-p353/specifications/mixlib-log-1.6.0.gemspec
I, [2014-01-04T23:47:33.371802 #956]  INFO -- : 0:  moneta (0.6.0) from /Users/lucasmedeirosleite/.rvm/gems/ruby-2.0.0-p353/specifications/moneta-0.6.0.gemspec
I, [2014-01-04T23:47:33.372109 #956]  INFO -- : 0:  rack (1.5.2) from /Users/lucasmedeirosleite/.rvm/gems/ruby-2.0.0-p353/specifications/rack-1.5.2.gemspec
I, [2014-01-04T23:47:33.372406 #956]  INFO -- : 0:  chef-zero (1.7.2) from /Users/lucasmedeirosleite/.rvm/gems/ruby-2.0.0-p353/specifications/chef-zero-1.7.2.gemspec
I, [2014-01-04T23:47:33.372725 #956]  INFO -- : 0:  diff-lcs (1.2.5) from /Users/lucasmedeirosleite/.rvm/gems/ruby-2.0.0-p353/specifications/diff-lcs-1.2.5.gemspec
I, [2014-01-04T23:47:33.373554 #956]  INFO -- : 0:  erubis (2.7.0) from /Users/lucasmedeirosleite/.rvm/gems/ruby-2.0.0-p353/specifications/erubis-2.7.0.gemspec
I, [2014-01-04T23:47:33.373897 #956]  INFO -- : 0:  highline (1.6.20) from /Users/lucasmedeirosleite/.rvm/gems/ruby-2.0.0-p353/specifications/highline-1.6.20.gemspec
I, [2014-01-04T23:47:33.374205 #956]  INFO -- : 0:  mime-types (1.25.1) from /Users/lucasmedeirosleite/.rvm/gems/ruby-2.0.0-p353/specifications/mime-types-1.25.1.gemspec
I, [2014-01-04T23:47:33.374501 #956]  INFO -- : 0:  mixlib-authentication (1.3.0) from /Users/lucasmedeirosleite/.rvm/gems/ruby-2.0.0-p353/specifications/mixlib-authentication-1.3.0.gemspec
I, [2014-01-04T23:47:33.374801 #956]  INFO -- : 0:  mixlib-cli (1.4.0) from /Users/lucasmedeirosleite/.rvm/gems/ruby-2.0.0-p353/specifications/mixlib-cli-1.4.0.gemspec
I, [2014-01-04T23:47:33.375099 #956]  INFO -- : 0:  mixlib-config (2.1.0) from /Users/lucasmedeirosleite/.rvm/gems/ruby-2.0.0-p353/specifications/mixlib-config-2.1.0.gemspec
I, [2014-01-04T23:47:33.375389 #956]  INFO -- : 0:  mixlib-shellout (1.3.0) from /Users/lucasmedeirosleite/.rvm/gems/ruby-2.0.0-p353/specifications/mixlib-shellout-1.3.0.gemspec
I, [2014-01-04T23:47:33.375687 #956]  INFO -- : 0:  net-ssh (2.7.0) from /Users/lucasmedeirosleite/.rvm/gems/ruby-2.0.0-p353/specifications/net-ssh-2.7.0.gemspec
I, [2014-01-04T23:47:33.375990 #956]  INFO -- : 0:  net-ssh-gateway (1.2.0) from /Users/lucasmedeirosleite/.rvm/gems/ruby-2.0.0-p353/specifications/net-ssh-gateway-1.2.0.gemspec
I, [2014-01-04T23:47:33.376290 #956]  INFO -- : 0:  net-ssh-multi (1.1) from /Users/lucasmedeirosleite/.rvm/gems/ruby-2.0.0-p353/specifications/net-ssh-multi-1.1.gemspec
I, [2014-01-04T23:47:33.376590 #956]  INFO -- : 0:  ipaddress (0.8.0) from /Users/lucasmedeirosleite/.rvm/gems/ruby-2.0.0-p353/specifications/ipaddress-0.8.0.gemspec
I, [2014-01-04T23:47:33.376880 #956]  INFO -- : 0:  systemu (2.5.2) from /Users/lucasmedeirosleite/.rvm/gems/ruby-2.0.0-p353/specifications/systemu-2.5.2.gemspec
I, [2014-01-04T23:47:33.377178 #956]  INFO -- : 0:  yajl-ruby (1.2.0) from /Users/lucasmedeirosleite/.rvm/gems/ruby-2.0.0-p353/specifications/yajl-ruby-1.2.0.gemspec
I, [2014-01-04T23:47:33.377474 #956]  INFO -- : 0:  ohai (6.20.0) from /Users/lucasmedeirosleite/.rvm/gems/ruby-2.0.0-p353/specifications/ohai-6.20.0.gemspec
I, [2014-01-04T23:47:33.377764 #956]  INFO -- : 0:  coderay (1.1.0) from /Users/lucasmedeirosleite/.rvm/gems/ruby-2.0.0-p353/specifications/coderay-1.1.0.gemspec
I, [2014-01-04T23:47:33.378078 #956]  INFO -- : 0:  method_source (0.8.2) from /Users/lucasmedeirosleite/.rvm/gems/ruby-2.0.0-p353/specifications/method_source-0.8.2.gemspec
I, [2014-01-04T23:47:33.378377 #956]  INFO -- : 0:  slop (3.4.7) from /Users/lucasmedeirosleite/.rvm/gems/ruby-2.0.0-p353/specifications/slop-3.4.7.gemspec
I, [2014-01-04T23:47:33.378676 #956]  INFO -- : 0:  pry (0.9.12.4) from /Users/lucasmedeirosleite/.rvm/gems/ruby-2.0.0-p353/specifications/pry-0.9.12.4.gemspec
I, [2014-01-04T23:47:33.378991 #956]  INFO -- : 0:  puma (1.6.3) from /Users/lucasmedeirosleite/.rvm/gems/ruby-2.0.0-p353/specifications/puma-1.6.3.gemspec
I, [2014-01-04T23:47:33.379289 #956]  INFO -- : 0:  rest-client (1.6.7) from /Users/lucasmedeirosleite/.rvm/gems/ruby-2.0.0-p353/specifications/rest-client-1.6.7.gemspec
I, [2014-01-04T23:47:33.379577 #956]  INFO -- : 0:  chef (11.8.2) from /Users/lucasmedeirosleite/.rvm/gems/ruby-2.0.0-p353/specifications/chef-11.8.2.gemspec
I, [2014-01-04T23:47:36.337247 #956]  INFO -- : 0:  fauxhai (2.0.1) from /Users/lucasmedeirosleite/.rvm/gems/ruby-2.0.0-p353/specifications/fauxhai-2.0.1.gemspec
I, [2014-01-04T23:47:36.337692 #956]  INFO -- : 0:  i18n (0.6.9) from /Users/lucasmedeirosleite/.rvm/gems/ruby-2.0.0-p353/specifications/i18n-0.6.9.gemspec
I, [2014-01-04T23:47:36.337978 #956]  INFO -- : 0:  rspec-core (2.14.7) from /Users/lucasmedeirosleite/.rvm/gems/ruby-2.0.0-p353/specifications/rspec-core-2.14.7.gemspec
I, [2014-01-04T23:47:36.338255 #956]  INFO -- : 0:  rspec-expectations (2.14.4) from /Users/lucasmedeirosleite/.rvm/gems/ruby-2.0.0-p353/specifications/rspec-expectations-2.14.4.gemspec
I, [2014-01-04T23:47:36.338527 #956]  INFO -- : 0:  rspec-mocks (2.14.4) from /Users/lucasmedeirosleite/.rvm/gems/ruby-2.0.0-p353/specifications/rspec-mocks-2.14.4.gemspec
I, [2014-01-04T23:47:36.338796 #956]  INFO -- : 0:  rspec (2.14.1) from /Users/lucasmedeirosleite/.rvm/gems/ruby-2.0.0-p353/specifications/rspec-2.14.1.gemspec
I, [2014-01-04T23:47:43.150546 #956]  INFO -- : 0:  chefspec (3.1.4) from /Users/lucasmedeirosleite/.rvm/gems/ruby-2.0.0-p353/specifications/chefspec-3.1.4.gemspec
I, [2014-01-04T23:47:43.150955 #956]  INFO -- : 0:  bundler (1.5.1) from /Users/lucasmedeirosleite/.rvm/gems/ruby-2.0.0-p353@global/specifications/bundler-1.5.1.gemspec
